<?xml version="1.0" encoding="UTF-8"?>
<testsuite name="org.heroesunlimited.core.player.LevelInfoTest" tests="4" skipped="0" failures="0" errors="0" timestamp="2020-04-16T14:44:17" hostname="ortolan-pc" time="0.002">
  <properties/>
  <testcase name="mustBeLevelOne()" classname="org.heroesunlimited.core.player.LevelInfoTest" time="0.0"/>
  <testcase name="mustBeLevelTwo()" classname="org.heroesunlimited.core.player.LevelInfoTest" time="0.0"/>
  <testcase name="mustMultipleLevelUp()" classname="org.heroesunlimited.core.player.LevelInfoTest" time="0.001"/>
  <testcase name="mustBeLevelTwoWithRemainingExperience()" classname="org.heroesunlimited.core.player.LevelInfoTest" time="0.0"/>
  <system-out><![CDATA[]]></system-out>
  <system-err><![CDATA[]]></system-err>
</testsuite>
