<?xml version="1.0" encoding="UTF-8"?>
<testsuite name="org.heroesunlimited.core.player.PlayerClassTest" tests="4" skipped="0" failures="0" errors="0" timestamp="2020-04-16T14:44:17" hostname="ortolan-pc" time="0.003">
  <properties/>
  <testcase name="findCleric()" classname="org.heroesunlimited.core.player.PlayerClassTest" time="0.001"/>
  <testcase name="findRogue()" classname="org.heroesunlimited.core.player.PlayerClassTest" time="0.001"/>
  <testcase name="findException()" classname="org.heroesunlimited.core.player.PlayerClassTest" time="0.001"/>
  <testcase name="findWarrior()" classname="org.heroesunlimited.core.player.PlayerClassTest" time="0.0"/>
  <system-out><![CDATA[]]></system-out>
  <system-err><![CDATA[]]></system-err>
</testsuite>
