<?xml version="1.0" encoding="UTF-8"?>
<testsuite name="org.heroesunlimited.core.player.SimpleAttributeTest" tests="5" skipped="0" failures="0" errors="0" timestamp="2020-04-16T14:44:17" hostname="ortolan-pc" time="0.004">
  <properties/>
  <testcase name="takeSeriousDamage()" classname="org.heroesunlimited.core.player.SimpleAttributeTest" time="0.001"/>
  <testcase name="takeDamage()" classname="org.heroesunlimited.core.player.SimpleAttributeTest" time="0.001"/>
  <testcase name="heal()" classname="org.heroesunlimited.core.player.SimpleAttributeTest" time="0.0"/>
  <testcase name="fullHeal()" classname="org.heroesunlimited.core.player.SimpleAttributeTest" time="0.0"/>
  <testcase name="creationTest()" classname="org.heroesunlimited.core.player.SimpleAttributeTest" time="0.001"/>
  <system-out><![CDATA[]]></system-out>
  <system-err><![CDATA[]]></system-err>
</testsuite>
