<?xml version="1.0" encoding="UTF-8"?>
<testsuite name="org.heroesunlimited.core.database.EquipmentDatabaseTest" tests="2" skipped="0" failures="0" errors="0" timestamp="2020-04-16T14:44:17" hostname="ortolan-pc" time="0.005">
  <properties/>
  <testcase name="found()" classname="org.heroesunlimited.core.database.EquipmentDatabaseTest" time="0.004"/>
  <testcase name="notFound()" classname="org.heroesunlimited.core.database.EquipmentDatabaseTest" time="0.001"/>
  <system-out><![CDATA[]]></system-out>
  <system-err><![CDATA[]]></system-err>
</testsuite>
